\BOOKMARK [0][-]{section*.1}{\376\377\000A\000b\000s\000t\000r\000a\000c\000t}{}% 1
\BOOKMARK [0][-]{section*.2}{\376\377\000A\000c\000k\000n\000o\000w\000l\000e\000d\000g\000e\000m\000e\000n\000t\000s}{}% 2
\BOOKMARK [0][-]{chapter.5}{\376\377\000I\000n\000t\000r\000o\000d\000u\000c\000t\000i\000o\000n}{}% 3
\BOOKMARK [0][-]{chapter.6}{\376\377\000P\000r\000e\000l\000i\000m\000i\000n\000a\000r\000i\000e\000s}{}% 4
\BOOKMARK [1][-]{section.7}{\376\377\000G\000r\000a\000p\000h\000\040\000t\000h\000e\000o\000r\000y}{chapter.6}% 5
\BOOKMARK [2][-]{subsection.8}{\376\377\000B\000a\000s\000i\000c\000\040\000N\000o\000t\000a\000t\000i\000o\000n}{section.7}% 6
\BOOKMARK [2][-]{subsection.10}{\376\377\000G\000r\000a\000p\000h\000\040\000c\000o\000l\000o\000u\000r\000i\000n\000g}{section.7}% 7
\BOOKMARK [1][-]{section.11}{\376\377\000C\000o\000m\000p\000u\000t\000a\000t\000i\000o\000n\000a\000l\000\040\000C\000o\000m\000p\000l\000e\000x\000i\000t\000y\000\040\000T\000h\000e\000o\000r\000y}{chapter.6}% 8
\BOOKMARK [2][-]{subsection.13}{\376\377\000C\000o\000m\000p\000u\000t\000a\000t\000i\000o\000n\000a\000l\000\040\000C\000o\000m\000p\000l\000e\000x\000i\000t\000y\000\040\000C\000l\000a\000s\000s\000e\000s}{section.11}% 9
\BOOKMARK [3][-]{subsubsection.14}{\376\377\000T\000i\000m\000e\000\040\000c\000o\000m\000p\000l\000e\000x\000i\000t\000y\000\040\000c\000l\000a\000s\000s\000e\000s}{subsection.13}% 10
\BOOKMARK [3][-]{subsubsection.15}{\376\377\000S\000p\000a\000c\000e\000\040\000c\000o\000m\000p\000l\000e\000x\000i\000t\000y\000\040\000c\000l\000a\000s\000s\000e\000s}{subsection.13}% 11
\BOOKMARK [3][-]{subsubsection.16}{\376\377\000N\000o\000n\000d\000e\000t\000e\000r\000m\000i\000n\000i\000s\000m}{subsection.13}% 12
\BOOKMARK [3][-]{subsubsection.17}{\376\377\000C\000o\000m\000p\000l\000e\000t\000e\000n\000e\000s\000s}{subsection.13}% 13
\BOOKMARK [3][-]{subsubsection.21}{\376\377\000R\000e\000l\000a\000t\000i\000o\000n\000s\000h\000i\000p\000\040\000o\000f\000\040\000C\000o\000m\000p\000l\000e\000x\000i\000t\000y\000\040\000C\000l\000a\000s\000s\000e\000s}{subsection.13}% 14
\BOOKMARK [1][-]{section.22}{\376\377\000R\000e\000c\000o\000n\000f\000i\000g\000u\000r\000a\000t\000i\000o\000n\000\040\000G\000r\000a\000p\000h}{chapter.6}% 15
\BOOKMARK [0][-]{chapter.23}{\376\377\000T\000h\000e\000\040\000N\000o\000n\000d\000e\000t\000e\000r\000m\000i\000n\000i\000s\000t\000i\000c\000\040\000C\000o\000n\000s\000t\000r\000a\000i\000n\000t\000\040\000L\000o\000g\000i\000c\000\040\000\050\000N\000C\000L\000\051}{}% 16
\BOOKMARK [1][-]{section.24}{\376\377\000G\000r\000a\000p\000h\000\040\000F\000o\000r\000m\000u\000l\000a\000t\000i\000o\000n}{chapter.23}% 17
\BOOKMARK [1][-]{section.25}{\376\377\000A\000N\000D\000/\000O\000R\000\040\000C\000o\000n\000s\000t\000r\000a\000i\000n\000t\000\040\000G\000r\000a\000p\000h\000s}{chapter.23}% 18
\BOOKMARK [1][-]{section.27}{\376\377\000N\000C\000L\000\040\000R\000e\000s\000u\000l\000t\000s}{chapter.23}% 19
\BOOKMARK [1][-]{section.28}{\376\377\000A\000l\000t\000e\000r\000n\000a\000t\000i\000v\000e\000\040\000f\000o\000r\000m\000u\000l\000a\000t\000i\000o\000n\000\040\000:\000\040\000S\000L\000I\000D\000I\000N\000G\000\040\000T\000O\000K\000E\000N\000S}{chapter.23}% 20
\BOOKMARK [2][-]{subsection.32}{\376\377\000K\000n\000o\000w\000n\000\040\000r\000e\000s\000u\000l\000t\000s\000\040\000f\000o\000r\000\040\000t\000h\000e\000\040\000S\000L\000I\000D\000I\000N\000G\000\040\000T\000O\000K\000E\000N\000S\000\040\000p\000r\000o\000b\000l\000e\000m\000.}{section.28}% 21
\BOOKMARK [2][-]{subsection.33}{\376\377\000P\000S\000P\000A\000C\000E\000-\000c\000o\000m\000p\000l\000e\000t\000e\000n\000e\000s\000s\000.}{section.28}% 22
\BOOKMARK [3][-]{subsubsection.34}{\376\377\000R\000e\000d\000u\000c\000t\000i\000o\000n\000\040\000s\000t\000r\000u\000c\000t\000u\000r\000e\000.}{subsection.33}% 23
\BOOKMARK [3][-]{subsubsection.35}{\376\377\000T\000h\000e\000\040\000O\000R\000\040\000g\000a\000d\000g\000e\000t\000\040\000a\000n\000d\000\040\000t\000h\000e\000\040\000A\000N\000D\000\040\000g\000a\000d\000g\000e\000t\000.}{subsection.33}% 24
\BOOKMARK [3][-]{subsubsection.37}{\376\377\000A\000N\000D\000/\000O\000R\000\040\000G\000r\000a\000p\000h\000s}{subsection.33}% 25
\BOOKMARK [1][-]{section.43}{\376\377\000L\000A\000B\000E\000L\000L\000E\000D\000\040\000v\000a\000r\000i\000a\000n\000t\000\040\000o\000f\000\040\000S\000L\000I\000D\000I\000N\000G\000-\000T\000O\000K\000E\000N\000S\000\040\000P\000r\000o\000b\000l\000e\000m}{chapter.23}% 26
\BOOKMARK [1][-]{section.52}{\376\377\000S\000t\000a\000n\000d\000a\000r\000d\000\040\000S\000l\000i\000d\000i\000n\000g\000-\000T\000o\000k\000e\000n\000\040\000P\000r\000o\000b\000l\000e\000m}{chapter.23}% 27
\BOOKMARK [0][-]{chapter.54}{\376\377\000R\000e\000c\000o\000n\000f\000i\000g\000u\000r\000a\000t\000i\000o\000n\000\040\000o\000f\000\040\000s\000a\000t\000i\000s\000f\000i\000a\000b\000i\000l\000i\000t\000y\000\040\000p\000r\000o\000b\000l\000e\000m\000s}{}% 28
\BOOKMARK [1][-]{section.55}{\376\377\000S\000c\000h\000a\000e\000f\000e\000r\000'\000s\000\040\000f\000r\000a\000m\000e\000w\000o\000r\000k}{chapter.54}% 29
\BOOKMARK [2][-]{subsection.56}{\376\377\000P\000r\000e\000l\000i\000m\000i\000n\000a\000r\000i\000e\000s}{section.55}% 30
\BOOKMARK [1][-]{section.68}{\376\377\000G\000o\000p\000a\000l\000a\000n\000\040\000e\000t\000\040\000a\000l\000.\000'\000s\000\040\000r\000e\000s\000u\000l\000t\000s}{chapter.54}% 31
\BOOKMARK [2][-]{subsection.69}{\376\377\000C\000o\000m\000p\000l\000e\000x\000i\000t\000y\000-\000t\000h\000e\000o\000r\000i\000c\000\040\000d\000i\000c\000h\000o\000t\000o\000m\000i\000e\000s}{section.68}% 32
\BOOKMARK [2][-]{subsection.70}{\376\377\000S\000t\000r\000u\000c\000t\000u\000r\000a\000l\000\040\000d\000i\000c\000h\000o\000t\000o\000m\000y\000\040\000t\000h\000e\000o\000r\000e\000m}{section.68}% 33
\BOOKMARK [1][-]{section.72}{\376\377\000A\000\040\000c\000o\000m\000p\000u\000t\000a\000t\000i\000o\000n\000a\000l\000\040\000T\000r\000i\000c\000h\000o\000t\000o\000m\000y\000\040\000f\000o\000r\000\040\000C\000o\000n\000n\000\050\000S\000\051}{chapter.54}% 34
\BOOKMARK [0][-]{chapter.74}{\376\377\000S\000U\000B\000S\000E\000T\000\040\000S\000U\000M\000\040\000R\000E\000C\000O\000N\000F\000I\000G\000U\000R\000A\000T\000I\000O\000N}{}% 35
\BOOKMARK [1][-]{section.75}{\376\377\000k\000-\000m\000o\000v\000e\000\040\000S\000U\000B\000S\000E\000T\000\040\000S\000U\000M\000\040\000R\000E\000C\000O\000N\000F\000I\000G\000U\000R\000A\000T\000I\000O\000N}{chapter.74}% 36
\BOOKMARK [1][-]{section.79}{\376\377\000L\000A\000B\000E\000L\000L\000E\000D\000\040\000S\000L\000I\000D\000I\000N\000G\000\040\000T\000O\000K\000E\000N\000S\000\040\000p\000r\000o\000b\000l\000e\000m\000.}{chapter.74}% 37
\BOOKMARK [1][-]{section.80}{\376\377\000E\000X\000A\000C\000T\000\040\000C\000O\000V\000E\000R\000\040\000R\000E\000C\000O\000N\000F\000I\000G\000U\000R\000A\000T\000I\000O\000N\000\040\000p\000r\000o\000b\000l\000e\000m}{chapter.74}% 38
\BOOKMARK [2][-]{subsection.85}{\376\377\000k\000-\000c\000o\000l\000o\000u\000r\000a\000b\000i\000l\000i\000t\000y}{section.80}% 39
\BOOKMARK [2][-]{subsection.86}{\376\377\000P\000S\000P\000A\000C\000E\000-\000h\000a\000r\000d\000n\000e\000s\000s\000\040\000r\000e\000s\000u\000l\000t\000\040\000o\000f\000\040\000t\000h\000e\000\040\000E\000C\000R\000\040\000p\000r\000o\000b\000l\000e\000m\000.}{section.80}% 40
\BOOKMARK [3][-]{subsubsection.88}{\376\377\000I\000n\000p\000u\000t\000\040\000i\000n\000s\000t\000a\000n\000c\000e\000\040\000o\000f\000\040\000t\000h\000e\000\040\000L\000A\000B\000E\000L\000L\000E\000D\000\040\000S\000L\000I\000D\000I\000N\000G\000\040\000T\000O\000K\000E\000N\000S\000\040\000P\000R\000O\000B\000L\000E\000M}{subsection.86}% 41
\BOOKMARK [3][-]{subsubsection.91}{\376\377\000O\000u\000t\000p\000u\000t\000\040\000U\000\040\000a\000n\000d\000\040\000S}{subsection.86}% 42
\BOOKMARK [3][-]{subsubsection.95}{\376\377\000P\000r\000e\000l\000i\000m\000i\000n\000a\000r\000i\000e\000s}{subsection.86}% 43
\BOOKMARK [3][-]{subsubsection.102}{\376\377\000O\000u\000t\000p\000u\000t\000\040\000E\000X\000A\000C\000T\000\040\000C\000O\000V\000E\000R\000\040\000s\000t\000a\000r\000t\000i\000n\000g\000\040\000a\000n\000d\000\040\000e\000n\000d\000i\000n\000g\000\040\000c\000o\000n\000f\000i\000g\000u\000r\000a\000t\000i\000o\000n\000s\000,\000\040\000C\0001\000\040\000a\000n\000d\000\040\000C\0002}{subsection.86}% 44
\BOOKMARK [3][-]{subsubsection.104}{\376\377\0002\0003\000-\000c\000o\000l\000o\000u\000r\000a\000b\000i\000l\000i\000t\000y\000\040\000o\000f\000\040\000t\000h\000e\000\040\000o\000u\000t\000p\000u\000t\000\040\000i\000n\000s\000t\000a\000n\000c\000e\000\040\000H\000\040\000=\000\040\000\050\000U\000,\000\040\000S\000\051}{subsection.86}% 45
\BOOKMARK [3][-]{subsubsection.106}{\376\377\000H\000i\000g\000h\000\040\000l\000e\000v\000e\000l\000\040\000i\000d\000e\000a}{subsection.86}% 46
\BOOKMARK [3][-]{subsubsection.107}{\376\377\000B\000i\000j\000e\000c\000t\000i\000o\000n\000\040\000b\000e\000t\000w\000e\000e\000n\000\040\000c\000o\000n\000f\000i\000g\000u\000r\000a\000t\000i\000o\000n\000s\000.}{subsection.86}% 47
\BOOKMARK [3][-]{subsubsection.110}{\376\377\000R\000e\000d\000u\000c\000t\000i\000o\000n\000\040\000s\000t\000r\000u\000c\000t\000u\000r\000e\000.}{subsection.86}% 48
\BOOKMARK [3][-]{subsubsection.112}{\376\377\000S\000L\000I\000D\000I\000N\000G\000\040\000T\000O\000K\000E\000N\000S\000\040\000r\000e\000a\000c\000h\000a\000b\000i\000l\000i\000t\000y\000\040\000\040\000E\000X\000A\000C\000T\000\040\000C\000O\000V\000E\000R\000\040\000r\000e\000a\000c\000h\000a\000b\000i\000l\000i\000t\000y}{subsection.86}% 49
\BOOKMARK [3][-]{subsubsection.118}{\376\377\000E\000X\000A\000C\000T\000\040\000C\000O\000V\000E\000R\000\040\000r\000e\000a\000c\000h\000a\000b\000i\000l\000i\000t\000y\000\040\000\040\000S\000L\000I\000D\000I\000N\000G\000\040\000T\000O\000K\000E\000N\000S\000\040\000r\000e\000a\000c\000h\000a\000b\000i\000l\000i\000t\000y}{subsection.86}% 50
\BOOKMARK [1][-]{section.123}{\376\377\0003\000-\000m\000o\000v\000e\000\040\000S\000U\000B\000S\000E\000T\000\040\000S\000U\000M\000\040\000R\000E\000C\000O\000N\000F\000I\000G\000U\000R\000A\000T\000I\000O\000N\000\040\000p\000r\000o\000b\000l\000e\000m}{chapter.74}% 51
\BOOKMARK [2][-]{subsubsection.125}{\376\377\000H\000i\000g\000h\000\040\000l\000e\000v\000e\000l\000\040\000i\000d\000e\000a}{section.123}% 52
\BOOKMARK [3][-]{subsubsection.126}{\376\377\000R\000e\000d\000u\000c\000t\000i\000o\000n\000\040\000S\000t\000r\000u\000c\000t\000u\000r\000e}{subsubsection.125}% 53
\BOOKMARK [3][-]{subsubsection.127}{\376\377\000O\000u\000t\000p\000u\000t\000\040\000S\000\040\000a\000n\000d\000\040\000x}{subsubsection.125}% 54
\BOOKMARK [3][-]{subsubsection.128}{\376\377\000C\000o\000r\000r\000e\000c\000t\000n\000e\000s\000s}{subsubsection.125}% 55
\BOOKMARK [1][-]{section.131}{\376\377\000G\000e\000o\000m\000e\000t\000r\000i\000c\000\040\000i\000n\000t\000e\000r\000p\000r\000e\000t\000a\000t\000i\000o\000n\000s}{chapter.74}% 56
\BOOKMARK [2][-]{subsection.135}{\376\377\000K\000n\000a\000p\000s\000a\000c\000k\000\040\000r\000e\000c\000o\000n\000f\000i\000g\000u\000r\000a\000t\000i\000o\000n\000\040\000w\000h\000e\000r\000e\000\040\000S\000\040\000=\000\040\000W\000\040\000\040\000C\000o\000n\000s\000t\000r\000a\000i\000n\000e\000d\000\040\000H\000y\000p\000e\000r\000c\000u\000b\000e\000\040\000P\000a\000t\000h\000\040\000p\000r\000o\000b\000l\000e\000m}{section.131}% 57
\BOOKMARK [2][-]{subsection.138}{\376\377\0003\000-\000m\000o\000v\000e\000\040\000S\000u\000b\000s\000e\000t\000\040\000s\000u\000m\000\040\000r\000e\000c\000o\000n\000f\000i\000g\000u\000r\000a\000t\000i\000o\000n\000\040\000\040\000C\000o\000n\000s\000t\000r\000a\000i\000n\000e\000d\000\040\000H\000y\000p\000e\000r\000c\000u\000b\000e\000\040\000P\000a\000t\000h\000\040\000p\000r\000o\000b\000l\000e\000m}{section.131}% 58
\BOOKMARK [0][-]{chapter.141}{\376\377\000C\000o\000n\000c\000l\000u\000s\000i\000o\000n\000s\000\040\000a\000n\000d\000\040\000F\000u\000t\000u\000r\000e\000\040\000W\000o\000r\000k\000s}{}% 59
\BOOKMARK [1][-]{section.143}{\376\377\000F\000u\000t\000u\000r\000e\000\040\000w\000o\000r\000k\000s}{chapter.141}% 60
\BOOKMARK [2][-]{subsection.144}{\376\377\000S\000L\000I\000D\000I\000N\000G\000\040\000T\000O\000K\000E\000N\000S\000\040\000p\000r\000o\000b\000l\000e\000m}{section.143}% 61
\BOOKMARK [2][-]{subsection.152}{\376\377\0003\000-\000m\000o\000v\000e\000\040\000S\000U\000B\000S\000E\000T\000\040\000S\000U\000M\000\040\000R\000E\000C\000O\000N\000F\000I\000G\000U\000R\000A\000T\000I\000O\000N\000\040\000p\000r\000o\000b\000l\000e\000m}{section.143}% 62
